RUN	simulations.End2EndSimulation	end2endsimulation	1686634803305	 	3.5.1
USER	E2E Service Registry Simulation	START	1686634804006
REQUEST		Create registry instance	1686634804103	1686634804164	KO	status.find.is(200), but actually found 409
REQUEST		Check instance status	1686634804219	1686634804247	KO	status.find.is(200), but actually found 404
REQUEST		Check instance status	1686634805252	1686634805288	KO	status.find.is(200), but actually found 404
REQUEST		Check instance status	1686634806290	1686634806318	KO	status.find.is(200), but actually found 404
REQUEST		Check instance status	1686634807321	1686634807351	KO	status.find.is(200), but actually found 404
REQUEST		Check instance status	1686634808353	1686634808372	KO	status.find.is(200), but actually found 404
REQUEST		Check instance status	1686634809374	1686634809397	KO	status.find.is(200), but actually found 404
REQUEST		Check instance status	1686634810399	1686634810421	KO	status.find.is(200), but actually found 404
REQUEST		Check instance status	1686634811423	1686634811453	KO	status.find.is(200), but actually found 404
REQUEST		Check instance status	1686634812455	1686634812484	KO	status.find.is(200), but actually found 404
REQUEST		Check instance status	1686634813486	1686634813504	KO	status.find.is(200), but actually found 404
REQUEST		Get instance url	1686634814507	1686634814528	KO	status.find.is(200), but actually found 404
ERROR	Get Developer principalId: Failed to build request: No attribute named 'instance_url' is defined 	1686634814717
ERROR	Grant access to Developer principalId: Failed to build request: No attribute named 'instance_url' is defined 	1686634814811
ERROR	Create artifact: Failed to build request: No attribute named 'instance_url' is defined 	1686634814811
ERROR	Search artifacts: Failed to build request: No attribute named 'instance_url' is defined 	1686634814812
ERROR	Get artifact by ID: Failed to build request: No attribute named 'instance_url' is defined 	1686634814813
REQUEST		Delete registry instance	1686634815314	1686634815343	KO	status.find.is(204), but actually found 404
USER	E2E Service Registry Simulation	END	1686634815346
