RUN	simulations.End2EndSimulation	end2endsimulation	1637753025943	 	3.5.1
USER	E2E Service Registry Simulation	START	1637753026650
REQUEST		Create registry instance	1637753026729	1637753028519	OK	 
REQUEST		Check instance status	1637753028590	1637753028809	OK	 
REQUEST		Get instance url	1637753028819	1637753029014	OK	 
REQUEST		Get Developer principalId	1637753029816	1637753030448	OK	 
REQUEST		Grant access to Developer principalId	1637753031071	1637753031267	OK	 
REQUEST		Create artifact	1637753031275	1637753031483	OK	 
REQUEST		Search artifacts	1637753031491	1637753031664	OK	 
REQUEST		Get artifact by ID	1637753031671	1637753031920	OK	 
REQUEST		Get artifact by ID	1637753032426	1637753032600	OK	 
REQUEST		Get artifact by ID	1637753033104	1637753033315	OK	 
REQUEST		Get artifact by ID	1637753033818	1637753033941	OK	 
REQUEST		Get artifact by ID	1637753034444	1637753034582	OK	 
REQUEST		Get artifact by ID	1637753035084	1637753035244	OK	 
REQUEST		Get artifact by ID	1637753035747	1637753035875	OK	 
USER	E2E Service Registry Simulation	START	1637753036639
REQUEST		Get artifact by ID	1637753036378	1637753036650	OK	 
REQUEST		Get artifact by ID	1637753037154	1637753037616	OK	 
REQUEST		Create registry instance	1637753036641	1637753038125	OK	 
REQUEST		Get artifact by ID	1637753038119	1637753038243	OK	 
REQUEST		Check instance status	1637753038129	1637753038263	OK	 
REQUEST		Get instance url	1637753038266	1637753038419	OK	 
REQUEST		Get artifact by ID	1637753038747	1637753038947	OK	 
REQUEST		Get Developer principalId	1637753038420	1637753039253	OK	 
REQUEST		Grant access to Developer principalId	1637753039258	1637753039477	OK	 
REQUEST		Get artifact by ID	1637753039452	1637753039582	OK	 
REQUEST		Create artifact	1637753039479	1637753039742	OK	 
REQUEST		Search artifacts	1637753039746	1637753039890	OK	 
REQUEST		Get artifact by ID	1637753039893	1637753040074	OK	 
REQUEST		Get artifact by ID	1637753040085	1637753040205	OK	 
REQUEST		Get artifact by ID	1637753040577	1637753040716	OK	 
REQUEST		Get artifact by ID	1637753040707	1637753040829	OK	 
REQUEST		Get artifact by ID	1637753041218	1637753041346	OK	 
REQUEST		Get artifact by ID	1637753041331	1637753041455	OK	 
REQUEST		Get artifact by ID	1637753041849	1637753041973	OK	 
REQUEST		Get artifact by ID	1637753041957	1637753042102	OK	 
REQUEST		Get artifact by ID	1637753042475	1637753042615	OK	 
REQUEST		Get artifact by ID	1637753042605	1637753042736	OK	 
REQUEST		Get artifact by ID	1637753043117	1637753043246	OK	 
REQUEST		Get artifact by ID	1637753043239	1637753043453	OK	 
REQUEST		Get artifact by ID	1637753043750	1637753043888	OK	 
REQUEST		Get artifact by ID	1637753043956	1637753044079	OK	 
REQUEST		Get artifact by ID	1637753044392	1637753044523	OK	 
REQUEST		Get artifact by ID	1637753044582	1637753044701	OK	 
REQUEST		Get artifact by ID	1637753045025	1637753045192	OK	 
REQUEST		Get artifact by ID	1637753045203	1637753045400	OK	 
REQUEST		Get artifact by ID	1637753045695	1637753045820	OK	 
REQUEST		Get artifact by ID	1637753045902	1637753046023	OK	 
REQUEST		Get artifact by ID	1637753046322	1637753046525	OK	 
USER	E2E Service Registry Simulation	START	1637753046638
REQUEST		Get artifact by ID	1637753046525	1637753046647	OK	 
REQUEST		Get artifact by ID	1637753047027	1637753047155	OK	 
REQUEST		Get artifact by ID	1637753047150	1637753047285	OK	 
REQUEST		Get artifact by ID	1637753047658	1637753047797	OK	 
REQUEST		Get artifact by ID	1637753047787	1637753047937	OK	 
REQUEST		Create registry instance	1637753046640	1637753048361	OK	 
REQUEST		Get artifact by ID	1637753048300	1637753048452	OK	 
REQUEST		Check instance status	1637753048365	1637753048509	OK	 
REQUEST		Get artifact by ID	1637753048439	1637753048574	OK	 
REQUEST		Get artifact by ID	1637753048954	1637753049091	OK	 
REQUEST		Get artifact by ID	1637753049077	1637753049207	OK	 
REQUEST		Check instance status	1637753049512	1637753049650	OK	 
REQUEST		Get artifact by ID	1637753049593	1637753049719	OK	 
REQUEST		Get instance url	1637753049653	1637753049788	OK	 
REQUEST		Get artifact by ID	1637753049710	1637753049833	OK	 
REQUEST		Get Developer principalId	1637753049791	1637753050249	OK	 
REQUEST		Get artifact by ID	1637753050222	1637753050352	OK	 
REQUEST		Grant access to Developer principalId	1637753050254	1637753050374	OK	 
REQUEST		Get artifact by ID	1637753050336	1637753050455	OK	 
REQUEST		Create artifact	1637753050377	1637753050722	OK	 
REQUEST		Search artifacts	1637753050727	1637753050865	OK	 
REQUEST		Get artifact by ID	1637753050855	1637753051012	OK	 
REQUEST		Get artifact by ID	1637753050868	1637753051013	OK	 
REQUEST		Get artifact by ID	1637753050958	1637753051080	OK	 
REQUEST		Get artifact by ID	1637753051516	1637753051641	OK	 
REQUEST		Get artifact by ID	1637753051515	1637753051644	OK	 
REQUEST		Get artifact by ID	1637753051583	1637753051701	OK	 
REQUEST		Get artifact by ID	1637753052144	1637753052264	OK	 
REQUEST		Get artifact by ID	1637753052146	1637753052269	OK	 
REQUEST		Get artifact by ID	1637753052204	1637753052321	OK	 
REQUEST		Get artifact by ID	1637753052766	1637753052886	OK	 
REQUEST		Get artifact by ID	1637753052773	1637753052896	OK	 
REQUEST		Get artifact by ID	1637753052824	1637753052942	OK	 
REQUEST		Get artifact by ID	1637753053389	1637753053512	OK	 
REQUEST		Get artifact by ID	1637753053399	1637753053525	OK	 
REQUEST		Get artifact by ID	1637753053445	1637753053571	OK	 
REQUEST		Get artifact by ID	1637753054015	1637753054133	OK	 
REQUEST		Get artifact by ID	1637753054027	1637753054169	OK	 
REQUEST		Get artifact by ID	1637753054074	1637753054196	OK	 
REQUEST		Get artifact by ID	1637753054635	1637753054756	OK	 
REQUEST		Get artifact by ID	1637753054671	1637753054796	OK	 
REQUEST		Get artifact by ID	1637753054698	1637753054817	OK	 
REQUEST		Get artifact by ID	1637753055258	1637753055377	OK	 
REQUEST		Get artifact by ID	1637753055298	1637753055422	OK	 
REQUEST		Get artifact by ID	1637753055319	1637753055442	OK	 
REQUEST		Get artifact by ID	1637753055880	1637753056034	OK	 
REQUEST		Get artifact by ID	1637753055925	1637753056053	OK	 
REQUEST		Get artifact by ID	1637753055944	1637753056070	OK	 
REQUEST		Get artifact by ID	1637753056536	1637753056657	OK	 
REQUEST		Get artifact by ID	1637753056556	1637753056677	OK	 
REQUEST		Get artifact by ID	1637753056573	1637753056691	OK	 
REQUEST		Get artifact by ID	1637753057159	1637753057278	OK	 
REQUEST		Get artifact by ID	1637753057179	1637753057301	OK	 
REQUEST		Get artifact by ID	1637753057194	1637753057315	OK	 
REQUEST		Get artifact by ID	1637753057781	1637753057903	OK	 
REQUEST		Get artifact by ID	1637753057804	1637753057933	OK	 
REQUEST		Get artifact by ID	1637753057818	1637753057936	OK	 
REQUEST		Get artifact by ID	1637753058405	1637753058530	OK	 
REQUEST		Get artifact by ID	1637753058438	1637753058557	OK	 
REQUEST		Get artifact by ID	1637753058436	1637753058561	OK	 
REQUEST		Get artifact by ID	1637753059033	1637753059152	OK	 
REQUEST		Get artifact by ID	1637753059058	1637753059205	OK	 
REQUEST		Get artifact by ID	1637753059062	1637753059205	OK	 
REQUEST		Get artifact by ID	1637753059654	1637753059773	OK	 
REQUEST		Get artifact by ID	1637753059708	1637753059837	OK	 
REQUEST		Get artifact by ID	1637753059708	1637753059842	OK	 
REQUEST		Get artifact by ID	1637753060275	1637753060395	OK	 
REQUEST		Get artifact by ID	1637753060339	1637753060460	OK	 
REQUEST		Get artifact by ID	1637753060344	1637753060467	OK	 
REQUEST		Get artifact by ID	1637753060898	1637753061049	OK	 
REQUEST		Get artifact by ID	1637753060962	1637753061081	OK	 
REQUEST		Get artifact by ID	1637753060969	1637753061094	OK	 
REQUEST		Get artifact by ID	1637753061551	1637753061678	OK	 
REQUEST		Get artifact by ID	1637753061584	1637753061704	OK	 
REQUEST		Get artifact by ID	1637753061596	1637753061719	OK	 
REQUEST		Get artifact by ID	1637753062181	1637753062303	OK	 
REQUEST		Get artifact by ID	1637753062207	1637753062331	OK	 
REQUEST		Get artifact by ID	1637753062221	1637753062344	OK	 
REQUEST		Get artifact by ID	1637753062805	1637753062924	OK	 
REQUEST		Get artifact by ID	1637753062834	1637753062952	OK	 
REQUEST		Get artifact by ID	1637753062847	1637753062969	OK	 
REQUEST		Get artifact by ID	1637753063427	1637753063544	OK	 
REQUEST		Get artifact by ID	1637753063454	1637753063607	OK	 
REQUEST		Get artifact by ID	1637753063471	1637753063624	OK	 
REQUEST		Get artifact by ID	1637753064047	1637753064168	OK	 
REQUEST		Get artifact by ID	1637753064126	1637753064255	OK	 
REQUEST		Delete registry instance	1637753064110	1637753064509	OK	 
USER	E2E Service Registry Simulation	END	1637753064515
REQUEST		Get artifact by ID	1637753064670	1637753064791	OK	 
REQUEST		Get artifact by ID	1637753064756	1637753064883	OK	 
REQUEST		Get artifact by ID	1637753065293	1637753065410	OK	 
REQUEST		Get artifact by ID	1637753065386	1637753065510	OK	 
REQUEST		Get artifact by ID	1637753065912	1637753066031	OK	 
REQUEST		Get artifact by ID	1637753066013	1637753066137	OK	 
REQUEST		Get artifact by ID	1637753066533	1637753066662	OK	 
REQUEST		Get artifact by ID	1637753066639	1637753066764	OK	 
REQUEST		Get artifact by ID	1637753067164	1637753067287	OK	 
REQUEST		Get artifact by ID	1637753067266	1637753067388	OK	 
REQUEST		Get artifact by ID	1637753067790	1637753067918	OK	 
REQUEST		Get artifact by ID	1637753067890	1637753068020	OK	 
REQUEST		Get artifact by ID	1637753068420	1637753068541	OK	 
REQUEST		Get artifact by ID	1637753068521	1637753068643	OK	 
REQUEST		Get artifact by ID	1637753069043	1637753069165	OK	 
REQUEST		Get artifact by ID	1637753069145	1637753069278	OK	 
REQUEST		Get artifact by ID	1637753069666	1637753069789	OK	 
REQUEST		Get artifact by ID	1637753069780	1637753069909	OK	 
REQUEST		Get artifact by ID	1637753070291	1637753070431	OK	 
REQUEST		Get artifact by ID	1637753070411	1637753070544	OK	 
REQUEST		Get artifact by ID	1637753070932	1637753071064	OK	 
REQUEST		Get artifact by ID	1637753071045	1637753071169	OK	 
REQUEST		Get artifact by ID	1637753071566	1637753071684	OK	 
REQUEST		Delete registry instance	1637753071670	1637753072066	OK	 
USER	E2E Service Registry Simulation	END	1637753072068
REQUEST		Get artifact by ID	1637753072186	1637753072303	OK	 
REQUEST		Get artifact by ID	1637753072804	1637753072925	OK	 
REQUEST		Get artifact by ID	1637753073427	1637753073563	OK	 
REQUEST		Get artifact by ID	1637753074064	1637753074180	OK	 
REQUEST		Get artifact by ID	1637753074682	1637753074800	OK	 
REQUEST		Get artifact by ID	1637753075302	1637753075420	OK	 
REQUEST		Get artifact by ID	1637753075922	1637753076119	OK	 
REQUEST		Get artifact by ID	1637753076621	1637753076878	OK	 
REQUEST		Get artifact by ID	1637753077379	1637753077501	OK	 
REQUEST		Get artifact by ID	1637753078002	1637753078121	OK	 
REQUEST		Get artifact by ID	1637753078623	1637753078763	OK	 
REQUEST		Get artifact by ID	1637753079264	1637753079383	OK	 
REQUEST		Get artifact by ID	1637753079885	1637753080005	OK	 
REQUEST		Get artifact by ID	1637753080507	1637753080725	OK	 
REQUEST		Get artifact by ID	1637753081227	1637753081388	OK	 
REQUEST		Get artifact by ID	1637753081889	1637753082057	OK	 
REQUEST		Delete registry instance	1637753082559	1637753083183	OK	 
USER	E2E Service Registry Simulation	END	1637753083186
